/home/carlos/MARVIN/install/marvincar_description/lib/python3.8/site-packages/marvincar_description/__init__.py
/home/carlos/MARVIN/install/marvincar_description/lib/python3.8/site-packages/marvincar_description/__pycache__/__init__.cpython-38.pyc
/home/carlos/MARVIN/install/marvincar_description/share/ament_index/resource_index/packages/marvincar_description
/home/carlos/MARVIN/install/marvincar_description/share/marvincar_description/package.xml
/home/carlos/MARVIN/install/marvincar_description/share/marvincar_description/launch/display_marvincar.launch.py
/home/carlos/MARVIN/install/marvincar_description/share/marvincar_description/urdf/marvin.urdf.xacro
/home/carlos/MARVIN/install/marvincar_description/share/marvincar_description/urdf/sensors/camera_depth.xacro
/home/carlos/MARVIN/install/marvincar_description/share/marvincar_description/urdf/sensors/imu.xacro
/home/carlos/MARVIN/install/marvincar_description/share/marvincar_description/urdf/sensors/camera_right.xacro
/home/carlos/MARVIN/install/marvincar_description/share/marvincar_description/urdf/sensors/lidar.xacro
/home/carlos/MARVIN/install/marvincar_description/share/marvincar_description/urdf/sensors/camera_left.xacro
/home/carlos/MARVIN/install/marvincar_description/share/marvincar_description/meshes/camera_right.STL
/home/carlos/MARVIN/install/marvincar_description/share/marvincar_description/meshes/front_wheel_left.STL
/home/carlos/MARVIN/install/marvincar_description/share/marvincar_description/meshes/camera_left.STL
/home/carlos/MARVIN/install/marvincar_description/share/marvincar_description/meshes/base_link.STL
/home/carlos/MARVIN/install/marvincar_description/share/marvincar_description/meshes/depth_camera.STL
/home/carlos/MARVIN/install/marvincar_description/share/marvincar_description/meshes/back_wheel_right.STL
/home/carlos/MARVIN/install/marvincar_description/share/marvincar_description/meshes/lidar.STL
/home/carlos/MARVIN/install/marvincar_description/share/marvincar_description/meshes/front_wheel_right.STL
/home/carlos/MARVIN/install/marvincar_description/share/marvincar_description/meshes/back_wheel_left.STL
/home/carlos/MARVIN/install/marvincar_description/share/marvincar_description/meshes/front_handle_left.STL
/home/carlos/MARVIN/install/marvincar_description/share/marvincar_description/meshes/front_handle_right.STL
/home/carlos/MARVIN/install/marvincar_description/share/marvincar_description/rviz/marvincar.rviz
/home/carlos/MARVIN/install/marvincar_description/lib/python3.8/site-packages/marvincar_description-0.0.0-py3.8.egg-info/SOURCES.txt
/home/carlos/MARVIN/install/marvincar_description/lib/python3.8/site-packages/marvincar_description-0.0.0-py3.8.egg-info/requires.txt
/home/carlos/MARVIN/install/marvincar_description/lib/python3.8/site-packages/marvincar_description-0.0.0-py3.8.egg-info/zip-safe
/home/carlos/MARVIN/install/marvincar_description/lib/python3.8/site-packages/marvincar_description-0.0.0-py3.8.egg-info/entry_points.txt
/home/carlos/MARVIN/install/marvincar_description/lib/python3.8/site-packages/marvincar_description-0.0.0-py3.8.egg-info/top_level.txt
/home/carlos/MARVIN/install/marvincar_description/lib/python3.8/site-packages/marvincar_description-0.0.0-py3.8.egg-info/PKG-INFO
/home/carlos/MARVIN/install/marvincar_description/lib/python3.8/site-packages/marvincar_description-0.0.0-py3.8.egg-info/dependency_links.txt
