[0.033s] Invoking command in '/home/carlos/MARVIN/build/marvin_sim_bringup': CMAKE_PREFIX_PATH=/opt/ros/foxy /usr/bin/cmake /home/carlos/MARVIN/marvin_sim/src/marvin_sim_bringup -DCMAKE_INSTALL_PREFIX=/home/carlos/MARVIN/install/marvin_sim_bringup
[0.230s] -- The C compiler identification is GNU 9.4.0
[0.360s] -- The CXX compiler identification is GNU 9.4.0
[0.374s] -- Check for working C compiler: /usr/bin/cc
[0.460s] -- Check for working C compiler: /usr/bin/cc -- works
[0.461s] -- Detecting C compiler ABI info
[0.550s] -- Detecting C compiler ABI info - done
[0.565s] -- Detecting C compile features
[0.565s] -- Detecting C compile features - done
[0.569s] -- Check for working CXX compiler: /usr/bin/c++
[0.668s] -- Check for working CXX compiler: /usr/bin/c++ -- works
[0.670s] -- Detecting CXX compiler ABI info
[0.777s] -- Detecting CXX compiler ABI info - done
[0.793s] -- Detecting CXX compile features
[0.794s] -- Detecting CXX compile features - done
[0.797s] -- Found ament_cmake: 0.9.12 (/opt/ros/foxy/share/ament_cmake/cmake)
[0.825s] -- Found PythonInterp: /usr/bin/python3 (found suitable version "3.8.10", minimum required is "3") 
[0.825s] -- Using PYTHON_EXECUTABLE: /usr/bin/python3
[1.074s] -- Found ament_lint_auto: 0.9.8 (/opt/ros/foxy/share/ament_lint_auto/cmake)
[1.163s] -- Added test 'flake8' to check Python code syntax and style conventions
[1.164s] -- Added test 'lint_cmake' to check CMake code style
[1.164s] -- Added test 'pep257' to check Python code against some of the style conventions in PEP 257
[1.166s] -- Added test 'xmllint' to check XML markup files
[1.168s] -- Configuring done
[1.170s] -- Generating done
[1.172s] -- Build files have been written to: /home/carlos/MARVIN/build/marvin_sim_bringup
[1.182s] Invoked command in '/home/carlos/MARVIN/build/marvin_sim_bringup' returned '0': CMAKE_PREFIX_PATH=/opt/ros/foxy /usr/bin/cmake /home/carlos/MARVIN/marvin_sim/src/marvin_sim_bringup -DCMAKE_INSTALL_PREFIX=/home/carlos/MARVIN/install/marvin_sim_bringup
[1.191s] Invoking command in '/home/carlos/MARVIN/build/marvin_sim_bringup': CMAKE_PREFIX_PATH=/opt/ros/foxy /usr/bin/cmake --build /home/carlos/MARVIN/build/marvin_sim_bringup -- -j8 -l8
[1.233s] Invoked command in '/home/carlos/MARVIN/build/marvin_sim_bringup' returned '0': CMAKE_PREFIX_PATH=/opt/ros/foxy /usr/bin/cmake --build /home/carlos/MARVIN/build/marvin_sim_bringup -- -j8 -l8
[1.247s] Invoking command in '/home/carlos/MARVIN/build/marvin_sim_bringup': CMAKE_PREFIX_PATH=/opt/ros/foxy /usr/bin/cmake --install /home/carlos/MARVIN/build/marvin_sim_bringup
[1.257s] -- Install configuration: ""
[1.257s] -- Installing: /home/carlos/MARVIN/install/marvin_sim_bringup/share/marvin_sim_bringup/launch
[1.257s] -- Installing: /home/carlos/MARVIN/install/marvin_sim_bringup/share/marvin_sim_bringup/launch/joy_teleop.launch.py
[1.257s] -- Installing: /home/carlos/MARVIN/install/marvin_sim_bringup/share/marvin_sim_bringup/config
[1.257s] -- Installing: /home/carlos/MARVIN/install/marvin_sim_bringup/share/marvin_sim_bringup/config/twist_mux.yaml
[1.257s] -- Installing: /home/carlos/MARVIN/install/marvin_sim_bringup/share/marvin_sim_bringup/config/joy.yaml
[1.257s] -- Installing: /home/carlos/MARVIN/install/marvin_sim_bringup/share/ament_index/resource_index/package_run_dependencies/marvin_sim_bringup
[1.257s] -- Installing: /home/carlos/MARVIN/install/marvin_sim_bringup/share/ament_index/resource_index/parent_prefix_path/marvin_sim_bringup
[1.258s] -- Installing: /home/carlos/MARVIN/install/marvin_sim_bringup/share/marvin_sim_bringup/environment/ament_prefix_path.sh
[1.258s] -- Installing: /home/carlos/MARVIN/install/marvin_sim_bringup/share/marvin_sim_bringup/environment/ament_prefix_path.dsv
[1.258s] -- Installing: /home/carlos/MARVIN/install/marvin_sim_bringup/share/marvin_sim_bringup/environment/path.sh
[1.258s] -- Installing: /home/carlos/MARVIN/install/marvin_sim_bringup/share/marvin_sim_bringup/environment/path.dsv
[1.258s] -- Installing: /home/carlos/MARVIN/install/marvin_sim_bringup/share/marvin_sim_bringup/local_setup.bash
[1.258s] -- Installing: /home/carlos/MARVIN/install/marvin_sim_bringup/share/marvin_sim_bringup/local_setup.sh
[1.258s] -- Installing: /home/carlos/MARVIN/install/marvin_sim_bringup/share/marvin_sim_bringup/local_setup.zsh
[1.258s] -- Installing: /home/carlos/MARVIN/install/marvin_sim_bringup/share/marvin_sim_bringup/local_setup.dsv
[1.258s] -- Installing: /home/carlos/MARVIN/install/marvin_sim_bringup/share/marvin_sim_bringup/package.dsv
[1.258s] -- Installing: /home/carlos/MARVIN/install/marvin_sim_bringup/share/ament_index/resource_index/packages/marvin_sim_bringup
[1.258s] -- Installing: /home/carlos/MARVIN/install/marvin_sim_bringup/share/marvin_sim_bringup/cmake/marvin_sim_bringupConfig.cmake
[1.259s] -- Installing: /home/carlos/MARVIN/install/marvin_sim_bringup/share/marvin_sim_bringup/cmake/marvin_sim_bringupConfig-version.cmake
[1.259s] -- Installing: /home/carlos/MARVIN/install/marvin_sim_bringup/share/marvin_sim_bringup/package.xml
[1.424s] Invoked command in '/home/carlos/MARVIN/build/marvin_sim_bringup' returned '0': CMAKE_PREFIX_PATH=/opt/ros/foxy /usr/bin/cmake --install /home/carlos/MARVIN/build/marvin_sim_bringup
