[0.031s] Invoking command in '/home/carlos/MARVIN/build/marvincar_base_node': CMAKE_PREFIX_PATH=/opt/ros/foxy /usr/bin/cmake /home/carlos/MARVIN/marvin_real/src/marvincar_base_node -DCMAKE_INSTALL_PREFIX=/home/carlos/MARVIN/install/marvincar_base_node
[1.169s] -- The C compiler identification is GNU 9.4.0
[1.169s] -- The CXX compiler identification is GNU 9.4.0
[1.170s] -- Check for working C compiler: /usr/bin/cc
[1.170s] -- Check for working C compiler: /usr/bin/cc -- works
[1.170s] -- Detecting C compiler ABI info
[1.170s] -- Detecting C compiler ABI info - done
[1.170s] -- Detecting C compile features
[1.170s] -- Detecting C compile features - done
[1.173s] -- Check for working CXX compiler: /usr/bin/c++
[1.173s] -- Check for working CXX compiler: /usr/bin/c++ -- works
[1.173s] -- Detecting CXX compiler ABI info
[1.173s] -- Detecting CXX compiler ABI info - done
[1.173s] -- Detecting CXX compile features
[1.173s] -- Detecting CXX compile features - done
[1.173s] -- Found ament_cmake: 0.9.12 (/opt/ros/foxy/share/ament_cmake/cmake)
[1.173s] -- Found PythonInterp: /usr/bin/python3 (found suitable version "3.8.10", minimum required is "3") 
[1.173s] -- Using PYTHON_EXECUTABLE: /usr/bin/python3
[1.173s] -- Found tf2: 0.13.14 (/opt/ros/foxy/share/tf2/cmake)
[1.174s] -- Using all available rosidl_typesupport_c: rosidl_typesupport_fastrtps_c;rosidl_typesupport_introspection_c
[1.174s] -- Found rosidl_adapter: 1.3.1 (/opt/ros/foxy/share/rosidl_adapter/cmake)
[1.222s] -- Found OpenSSL: /usr/lib/x86_64-linux-gnu/libcrypto.so (found version "1.1.1f")  
[1.253s] -- Found FastRTPS: /opt/ros/foxy/include  
[1.319s] -- Using all available rosidl_typesupport_cpp: rosidl_typesupport_fastrtps_cpp;rosidl_typesupport_introspection_cpp
[1.401s] -- Found tf2_ros: 0.13.14 (/opt/ros/foxy/share/tf2_ros/cmake)
[1.465s] -- Found rmw_implementation_cmake: 1.0.4 (/opt/ros/foxy/share/rmw_implementation_cmake/cmake)
[1.467s] -- Using RMW implementation 'rmw_fastrtps_cpp' as default
[1.468s] -- Looking for pthread.h
[1.525s] -- Looking for pthread.h - found
[1.525s] -- Performing Test CMAKE_HAVE_LIBC_PTHREAD
[1.583s] -- Performing Test CMAKE_HAVE_LIBC_PTHREAD - Failed
[1.583s] -- Looking for pthread_create in pthreads
[1.629s] -- Looking for pthread_create in pthreads - not found
[1.629s] -- Looking for pthread_create in pthread
[1.686s] -- Looking for pthread_create in pthread - found
[1.687s] -- Found Threads: TRUE  
[2.194s] -- Found nav_msgs: 2.0.5 (/opt/ros/foxy/share/nav_msgs/cmake)
[2.294s] -- Found turtlesim: 1.2.6 (/opt/ros/foxy/share/turtlesim/cmake)
[2.393s] -- Found ament_lint_auto: 0.9.8 (/opt/ros/foxy/share/ament_lint_auto/cmake)
[2.526s] -- Added test 'copyright' to check source files copyright and LICENSE
[2.527s] -- Added test 'cppcheck' to perform static code analysis on C / C++ code
[2.528s] -- Configured cppcheck include dirs: 
[2.528s] -- Configured cppcheck exclude dirs and/or files: 
[2.529s] -- Added test 'cpplint' to check C / C++ code against the Google style
[2.529s] -- Configured cpplint exclude dirs and/or files: 
[2.530s] -- Added test 'lint_cmake' to check CMake code style
[2.531s] -- Added test 'uncrustify' to check C / C++ code style
[2.532s] -- Configured uncrustify additional arguments: 
[2.537s] -- Added test 'xmllint' to check XML markup files
[2.537s] -- Configuring done
[2.554s] -- Generating done
[2.562s] -- Build files have been written to: /home/carlos/MARVIN/build/marvincar_base_node
[2.585s] Invoked command in '/home/carlos/MARVIN/build/marvincar_base_node' returned '0': CMAKE_PREFIX_PATH=/opt/ros/foxy /usr/bin/cmake /home/carlos/MARVIN/marvin_real/src/marvincar_base_node -DCMAKE_INSTALL_PREFIX=/home/carlos/MARVIN/install/marvincar_base_node
[2.586s] Invoking command in '/home/carlos/MARVIN/build/marvincar_base_node': CMAKE_PREFIX_PATH=/opt/ros/foxy /usr/bin/cmake --build /home/carlos/MARVIN/build/marvincar_base_node -- -j8 -l8
[2.743s] [35m[1mScanning dependencies of target base_node[0m
[2.867s] [ 50%] [32mBuilding CXX object CMakeFiles/base_node.dir/src/base_node.cpp.o[0m
[7.383s] [100%] [32m[1mLinking CXX executable base_node[0m
[7.604s] [100%] Built target base_node
[7.612s] Invoked command in '/home/carlos/MARVIN/build/marvincar_base_node' returned '0': CMAKE_PREFIX_PATH=/opt/ros/foxy /usr/bin/cmake --build /home/carlos/MARVIN/build/marvincar_base_node -- -j8 -l8
[7.614s] Invoking command in '/home/carlos/MARVIN/build/marvincar_base_node': CMAKE_PREFIX_PATH=/opt/ros/foxy /usr/bin/cmake --install /home/carlos/MARVIN/build/marvincar_base_node
[7.620s] -- Install configuration: ""
[7.621s] -- Installing: /home/carlos/MARVIN/install/marvincar_base_node/lib/marvincar_base_node/base_node
[7.622s] -- Set runtime path of "/home/carlos/MARVIN/install/marvincar_base_node/lib/marvincar_base_node/base_node" to ""
[7.622s] -- Installing: /home/carlos/MARVIN/install/marvincar_base_node/share/ament_index/resource_index/package_run_dependencies/marvincar_base_node
[7.622s] -- Installing: /home/carlos/MARVIN/install/marvincar_base_node/share/ament_index/resource_index/parent_prefix_path/marvincar_base_node
[7.622s] -- Installing: /home/carlos/MARVIN/install/marvincar_base_node/share/marvincar_base_node/environment/ament_prefix_path.sh
[7.622s] -- Installing: /home/carlos/MARVIN/install/marvincar_base_node/share/marvincar_base_node/environment/ament_prefix_path.dsv
[7.622s] -- Installing: /home/carlos/MARVIN/install/marvincar_base_node/share/marvincar_base_node/environment/path.sh
[7.623s] -- Installing: /home/carlos/MARVIN/install/marvincar_base_node/share/marvincar_base_node/environment/path.dsv
[7.623s] -- Installing: /home/carlos/MARVIN/install/marvincar_base_node/share/marvincar_base_node/local_setup.bash
[7.623s] -- Installing: /home/carlos/MARVIN/install/marvincar_base_node/share/marvincar_base_node/local_setup.sh
[7.623s] -- Installing: /home/carlos/MARVIN/install/marvincar_base_node/share/marvincar_base_node/local_setup.zsh
[7.623s] -- Installing: /home/carlos/MARVIN/install/marvincar_base_node/share/marvincar_base_node/local_setup.dsv
[7.623s] -- Installing: /home/carlos/MARVIN/install/marvincar_base_node/share/marvincar_base_node/package.dsv
[7.623s] -- Installing: /home/carlos/MARVIN/install/marvincar_base_node/share/ament_index/resource_index/packages/marvincar_base_node
[7.623s] -- Installing: /home/carlos/MARVIN/install/marvincar_base_node/share/marvincar_base_node/cmake/marvincar_base_nodeConfig.cmake
[7.623s] -- Installing: /home/carlos/MARVIN/install/marvincar_base_node/share/marvincar_base_node/cmake/marvincar_base_nodeConfig-version.cmake
[7.623s] -- Installing: /home/carlos/MARVIN/install/marvincar_base_node/share/marvincar_base_node/package.xml
[7.625s] Invoked command in '/home/carlos/MARVIN/build/marvincar_base_node' returned '0': CMAKE_PREFIX_PATH=/opt/ros/foxy /usr/bin/cmake --install /home/carlos/MARVIN/build/marvincar_base_node
