/home/carlos/MARVIN/install/marvincar_bringup/lib/python3.8/site-packages/marvincar_bringup/patrol.py
/home/carlos/MARVIN/install/marvincar_bringup/lib/python3.8/site-packages/marvincar_bringup/transform_utils.py
/home/carlos/MARVIN/install/marvincar_bringup/lib/python3.8/site-packages/marvincar_bringup/__init__.py
/home/carlos/MARVIN/install/marvincar_bringup/lib/python3.8/site-packages/marvincar_bringup/calibrate_linear.py
/home/carlos/MARVIN/install/marvincar_bringup/lib/python3.8/site-packages/marvincar_bringup/Ackman_driver.py
/home/carlos/MARVIN/install/marvincar_bringup/lib/python3.8/site-packages/marvincar_bringup/calibrate_angular.py
/home/carlos/MARVIN/install/marvincar_bringup/lib/python3.8/site-packages/marvincar_bringup/__pycache__/patrol.cpython-38.pyc
/home/carlos/MARVIN/install/marvincar_bringup/lib/python3.8/site-packages/marvincar_bringup/__pycache__/transform_utils.cpython-38.pyc
/home/carlos/MARVIN/install/marvincar_bringup/lib/python3.8/site-packages/marvincar_bringup/__pycache__/__init__.cpython-38.pyc
/home/carlos/MARVIN/install/marvincar_bringup/lib/python3.8/site-packages/marvincar_bringup/__pycache__/calibrate_linear.cpython-38.pyc
/home/carlos/MARVIN/install/marvincar_bringup/lib/python3.8/site-packages/marvincar_bringup/__pycache__/Ackman_driver.cpython-38.pyc
/home/carlos/MARVIN/install/marvincar_bringup/lib/python3.8/site-packages/marvincar_bringup/__pycache__/calibrate_angular.cpython-38.pyc
/home/carlos/MARVIN/install/marvincar_bringup/share/ament_index/resource_index/packages/marvincar_bringup
/home/carlos/MARVIN/install/marvincar_bringup/share/marvincar_bringup/package.xml
/home/carlos/MARVIN/install/marvincar_bringup/share/marvincar_bringup/launch/marvincar_bringup_launch.py
/home/carlos/MARVIN/install/marvincar_bringup/share/marvincar_bringup/launch/full_system_launch.py
/home/carlos/MARVIN/install/marvincar_bringup/share/marvincar_description/rviz/marvin_car.rviz
/home/carlos/MARVIN/install/marvincar_bringup/share/marvincar_bringup/param/imu_filter_param.yaml
/home/carlos/MARVIN/install/marvincar_bringup/lib/python3.8/site-packages/marvincar_bringup-0.0.0-py3.8.egg-info/SOURCES.txt
/home/carlos/MARVIN/install/marvincar_bringup/lib/python3.8/site-packages/marvincar_bringup-0.0.0-py3.8.egg-info/requires.txt
/home/carlos/MARVIN/install/marvincar_bringup/lib/python3.8/site-packages/marvincar_bringup-0.0.0-py3.8.egg-info/zip-safe
/home/carlos/MARVIN/install/marvincar_bringup/lib/python3.8/site-packages/marvincar_bringup-0.0.0-py3.8.egg-info/entry_points.txt
/home/carlos/MARVIN/install/marvincar_bringup/lib/python3.8/site-packages/marvincar_bringup-0.0.0-py3.8.egg-info/top_level.txt
/home/carlos/MARVIN/install/marvincar_bringup/lib/python3.8/site-packages/marvincar_bringup-0.0.0-py3.8.egg-info/PKG-INFO
/home/carlos/MARVIN/install/marvincar_bringup/lib/python3.8/site-packages/marvincar_bringup-0.0.0-py3.8.egg-info/dependency_links.txt
/home/carlos/MARVIN/install/marvincar_bringup/lib/marvincar_bringup/Ackman_driver
/home/carlos/MARVIN/install/marvincar_bringup/lib/marvincar_bringup/calibrate_angular
/home/carlos/MARVIN/install/marvincar_bringup/lib/marvincar_bringup/calibrate_linear
/home/carlos/MARVIN/install/marvincar_bringup/lib/marvincar_bringup/patrol
