[0.036s] Invoking command in '/home/carlos/MARVIN/build/marvin_lidar': CMAKE_PREFIX_PATH=/opt/ros/foxy /usr/bin/cmake /home/carlos/MARVIN/marvin_real/src/marvin_lidar -DCMAKE_INSTALL_PREFIX=/home/carlos/MARVIN/install/marvin_lidar
[0.238s] -- The C compiler identification is GNU 9.4.0
[0.366s] -- The CXX compiler identification is GNU 9.4.0
[0.387s] -- Check for working C compiler: /usr/bin/cc
[0.469s] -- Check for working C compiler: /usr/bin/cc -- works
[0.470s] -- Detecting C compiler ABI info
[0.551s] -- Detecting C compiler ABI info - done
[0.564s] -- Detecting C compile features
[0.565s] -- Detecting C compile features - done
[0.569s] -- Check for working CXX compiler: /usr/bin/c++
[0.676s] -- Check for working CXX compiler: /usr/bin/c++ -- works
[0.677s] -- Detecting CXX compiler ABI info
[0.774s] -- Detecting CXX compiler ABI info - done
[0.790s] -- Detecting CXX compile features
[0.790s] -- Detecting CXX compile features - done
[0.794s] -- Found ament_cmake: 0.9.12 (/opt/ros/foxy/share/ament_cmake/cmake)
[0.825s] -- Found PythonInterp: /usr/bin/python3 (found suitable version "3.8.10", minimum required is "3") 
[0.825s] -- Using PYTHON_EXECUTABLE: /usr/bin/python3
[1.078s] -- Found rclcpp: 2.4.3 (/opt/ros/foxy/share/rclcpp/cmake)
[1.142s] -- Using all available rosidl_typesupport_c: rosidl_typesupport_fastrtps_c;rosidl_typesupport_introspection_c
[1.150s] -- Found rosidl_adapter: 1.3.1 (/opt/ros/foxy/share/rosidl_adapter/cmake)
[1.236s] -- Found OpenSSL: /usr/lib/x86_64-linux-gnu/libcrypto.so (found version "1.1.1f")  
[1.273s] -- Found FastRTPS: /opt/ros/foxy/include  
[1.334s] -- Using all available rosidl_typesupport_cpp: rosidl_typesupport_fastrtps_cpp;rosidl_typesupport_introspection_cpp
[1.383s] -- Found rmw_implementation_cmake: 1.0.4 (/opt/ros/foxy/share/rmw_implementation_cmake/cmake)
[1.384s] -- Using RMW implementation 'rmw_fastrtps_cpp' as default
[1.385s] -- Looking for pthread.h
[1.451s] -- Looking for pthread.h - found
[1.451s] -- Performing Test CMAKE_HAVE_LIBC_PTHREAD
[1.516s] -- Performing Test CMAKE_HAVE_LIBC_PTHREAD - Failed
[1.517s] -- Looking for pthread_create in pthreads
[1.567s] -- Looking for pthread_create in pthreads - not found
[1.567s] -- Looking for pthread_create in pthread
[1.626s] -- Looking for pthread_create in pthread - found
[1.627s] -- Found Threads: TRUE  
[1.793s] -- Found sensor_msgs: 2.0.5 (/opt/ros/foxy/share/sensor_msgs/cmake)
[1.919s] -- Found ament_lint_auto: 0.9.8 (/opt/ros/foxy/share/ament_lint_auto/cmake)
[1.987s] -- Added test 'copyright' to check source files copyright and LICENSE
[1.988s] -- Added test 'cppcheck' to perform static code analysis on C / C++ code
[1.988s] -- Configured cppcheck include dirs: 
[1.988s] -- Configured cppcheck exclude dirs and/or files: 
[1.988s] -- Added test 'cpplint' to check C / C++ code against the Google style
[1.989s] -- Configured cpplint exclude dirs and/or files: 
[1.989s] -- Added test 'flake8' to check Python code syntax and style conventions
[1.989s] -- Added test 'lint_cmake' to check CMake code style
[1.990s] -- Added test 'pep257' to check Python code against some of the style conventions in PEP 257
[1.991s] -- Added test 'uncrustify' to check C / C++ code style
[1.991s] -- Configured uncrustify additional arguments: 
[1.991s] -- Added test 'xmllint' to check XML markup files
[1.993s] -- Configuring done
[2.000s] -- Generating done
[2.003s] -- Build files have been written to: /home/carlos/MARVIN/build/marvin_lidar
[2.150s] Invoked command in '/home/carlos/MARVIN/build/marvin_lidar' returned '0': CMAKE_PREFIX_PATH=/opt/ros/foxy /usr/bin/cmake /home/carlos/MARVIN/marvin_real/src/marvin_lidar -DCMAKE_INSTALL_PREFIX=/home/carlos/MARVIN/install/marvin_lidar
[2.151s] Invoking command in '/home/carlos/MARVIN/build/marvin_lidar': CMAKE_PREFIX_PATH=/opt/ros/foxy /usr/bin/cmake --build /home/carlos/MARVIN/build/marvin_lidar -- -j8 -l8
[2.206s] [35m[1mScanning dependencies of target marvin_lidar_node[0m
[2.412s] [ 20%] [32mBuilding CXX object CMakeFiles/marvin_lidar_node.dir/src/cmd_interface_linux.cpp.o[0m
[2.422s] [ 60%] [32mBuilding CXX object CMakeFiles/marvin_lidar_node.dir/src/main.cpp.o[0m
[2.423s] [ 60%] [32mBuilding CXX object CMakeFiles/marvin_lidar_node.dir/src/lipkg.cpp.o[0m
[2.437s] [ 80%] [32mBuilding CXX object CMakeFiles/marvin_lidar_node.dir/src/tofbf.cpp.o[0m
[5.301s] [100%] [32m[1mLinking CXX executable marvin_lidar_node[0m
[5.444s] [100%] Built target marvin_lidar_node
[5.453s] Invoked command in '/home/carlos/MARVIN/build/marvin_lidar' returned '0': CMAKE_PREFIX_PATH=/opt/ros/foxy /usr/bin/cmake --build /home/carlos/MARVIN/build/marvin_lidar -- -j8 -l8
[5.455s] Invoking command in '/home/carlos/MARVIN/build/marvin_lidar': CMAKE_PREFIX_PATH=/opt/ros/foxy /usr/bin/cmake --install /home/carlos/MARVIN/build/marvin_lidar
[5.461s] -- Install configuration: ""
[5.461s] -- Installing: /home/carlos/MARVIN/install/marvin_lidar/lib/marvin_lidar/marvin_lidar_node
[5.462s] -- Set runtime path of "/home/carlos/MARVIN/install/marvin_lidar/lib/marvin_lidar/marvin_lidar_node" to ""
[5.462s] -- Installing: /home/carlos/MARVIN/install/marvin_lidar/share/marvin_lidar//launch
[5.462s] -- Installing: /home/carlos/MARVIN/install/marvin_lidar/share/marvin_lidar//launch/ld19.launch.py
[5.462s] -- Installing: /home/carlos/MARVIN/install/marvin_lidar/share/marvin_lidar//rviz2
[5.462s] -- Installing: /home/carlos/MARVIN/install/marvin_lidar/share/marvin_lidar//rviz2/ldlidar.rviz
[5.462s] -- Installing: /home/carlos/MARVIN/install/marvin_lidar/share/marvin_lidar//rviz2/ldlidar_gmapping.rviz
[5.462s] -- Installing: /home/carlos/MARVIN/install/marvin_lidar/share/ament_index/resource_index/package_run_dependencies/marvin_lidar
[5.462s] -- Installing: /home/carlos/MARVIN/install/marvin_lidar/share/ament_index/resource_index/parent_prefix_path/marvin_lidar
[5.462s] -- Installing: /home/carlos/MARVIN/install/marvin_lidar/share/marvin_lidar/environment/ament_prefix_path.sh
[5.463s] -- Installing: /home/carlos/MARVIN/install/marvin_lidar/share/marvin_lidar/environment/ament_prefix_path.dsv
[5.463s] -- Installing: /home/carlos/MARVIN/install/marvin_lidar/share/marvin_lidar/environment/path.sh
[5.463s] -- Installing: /home/carlos/MARVIN/install/marvin_lidar/share/marvin_lidar/environment/path.dsv
[5.463s] -- Installing: /home/carlos/MARVIN/install/marvin_lidar/share/marvin_lidar/local_setup.bash
[5.463s] -- Installing: /home/carlos/MARVIN/install/marvin_lidar/share/marvin_lidar/local_setup.sh
[5.463s] -- Installing: /home/carlos/MARVIN/install/marvin_lidar/share/marvin_lidar/local_setup.zsh
[5.463s] -- Installing: /home/carlos/MARVIN/install/marvin_lidar/share/marvin_lidar/local_setup.dsv
[5.463s] -- Installing: /home/carlos/MARVIN/install/marvin_lidar/share/marvin_lidar/package.dsv
[5.463s] -- Installing: /home/carlos/MARVIN/install/marvin_lidar/share/ament_index/resource_index/packages/marvin_lidar
[5.463s] -- Installing: /home/carlos/MARVIN/install/marvin_lidar/share/marvin_lidar/cmake/marvin_lidarConfig.cmake
[5.463s] -- Installing: /home/carlos/MARVIN/install/marvin_lidar/share/marvin_lidar/cmake/marvin_lidarConfig-version.cmake
[5.463s] -- Installing: /home/carlos/MARVIN/install/marvin_lidar/share/marvin_lidar/package.xml
[5.465s] Invoked command in '/home/carlos/MARVIN/build/marvin_lidar' returned '0': CMAKE_PREFIX_PATH=/opt/ros/foxy /usr/bin/cmake --install /home/carlos/MARVIN/build/marvin_lidar
