/home/carlos/MARVIN/install/marvincar_laser/lib/python3.8/site-packages/marvincar_laser/laser_Avoidance.py
/home/carlos/MARVIN/install/marvincar_laser/lib/python3.8/site-packages/marvincar_laser/__init__.py
/home/carlos/MARVIN/install/marvincar_laser/lib/python3.8/site-packages/marvincar_laser/laser_Tracker.py
/home/carlos/MARVIN/install/marvincar_laser/lib/python3.8/site-packages/marvincar_laser/laser_Warning.py
/home/carlos/MARVIN/install/marvincar_laser/lib/python3.8/site-packages/marvincar_laser/common.py
/home/carlos/MARVIN/install/marvincar_laser/lib/python3.8/site-packages/marvincar_laser/__pycache__/laser_Avoidance.cpython-38.pyc
/home/carlos/MARVIN/install/marvincar_laser/lib/python3.8/site-packages/marvincar_laser/__pycache__/__init__.cpython-38.pyc
/home/carlos/MARVIN/install/marvincar_laser/lib/python3.8/site-packages/marvincar_laser/__pycache__/laser_Tracker.cpython-38.pyc
/home/carlos/MARVIN/install/marvincar_laser/lib/python3.8/site-packages/marvincar_laser/__pycache__/laser_Warning.cpython-38.pyc
/home/carlos/MARVIN/install/marvincar_laser/lib/python3.8/site-packages/marvincar_laser/__pycache__/common.cpython-38.pyc
/home/carlos/MARVIN/install/marvincar_laser/share/ament_index/resource_index/packages/marvincar_laser
/home/carlos/MARVIN/install/marvincar_laser/share/marvincar_laser/package.xml
/home/carlos/MARVIN/install/marvincar_laser/share/marvincar_laser/launch/laser_Avoidance.launch.py
/home/carlos/MARVIN/install/marvincar_laser/share/marvincar_laser/launch/laser_Warning.launch.py
/home/carlos/MARVIN/install/marvincar_laser/share/marvincar_laser/launch/laser_Tracker.launch.py
/home/carlos/MARVIN/install/marvincar_laser/lib/python3.8/site-packages/marvincar_laser-0.0.0-py3.8.egg-info/SOURCES.txt
/home/carlos/MARVIN/install/marvincar_laser/lib/python3.8/site-packages/marvincar_laser-0.0.0-py3.8.egg-info/requires.txt
/home/carlos/MARVIN/install/marvincar_laser/lib/python3.8/site-packages/marvincar_laser-0.0.0-py3.8.egg-info/zip-safe
/home/carlos/MARVIN/install/marvincar_laser/lib/python3.8/site-packages/marvincar_laser-0.0.0-py3.8.egg-info/entry_points.txt
/home/carlos/MARVIN/install/marvincar_laser/lib/python3.8/site-packages/marvincar_laser-0.0.0-py3.8.egg-info/top_level.txt
/home/carlos/MARVIN/install/marvincar_laser/lib/python3.8/site-packages/marvincar_laser-0.0.0-py3.8.egg-info/PKG-INFO
/home/carlos/MARVIN/install/marvincar_laser/lib/python3.8/site-packages/marvincar_laser-0.0.0-py3.8.egg-info/dependency_links.txt
/home/carlos/MARVIN/install/marvincar_laser/lib/marvincar_laser/laser_Avoidance
/home/carlos/MARVIN/install/marvincar_laser/lib/marvincar_laser/laser_Tracker
/home/carlos/MARVIN/install/marvincar_laser/lib/marvincar_laser/laser_Warning
