running egg_info
creating ../../../build/marvincar_description/marvincar_description.egg-info
writing ../../../build/marvincar_description/marvincar_description.egg-info/PKG-INFO
writing dependency_links to ../../../build/marvincar_description/marvincar_description.egg-info/dependency_links.txt
writing entry points to ../../../build/marvincar_description/marvincar_description.egg-info/entry_points.txt
writing requirements to ../../../build/marvincar_description/marvincar_description.egg-info/requires.txt
writing top-level names to ../../../build/marvincar_description/marvincar_description.egg-info/top_level.txt
writing manifest file '../../../build/marvincar_description/marvincar_description.egg-info/SOURCES.txt'
reading manifest file '../../../build/marvincar_description/marvincar_description.egg-info/SOURCES.txt'
writing manifest file '../../../build/marvincar_description/marvincar_description.egg-info/SOURCES.txt'
running build
running build_py
creating /home/carlos/MARVIN/build/marvincar_description/build
creating /home/carlos/MARVIN/build/marvincar_description/build/lib
creating /home/carlos/MARVIN/build/marvincar_description/build/lib/marvincar_description
copying marvincar_description/__init__.py -> /home/carlos/MARVIN/build/marvincar_description/build/lib/marvincar_description
running install
running install_lib
creating /home/carlos/MARVIN/install/marvincar_description/lib/python3.8/site-packages/marvincar_description
copying /home/carlos/MARVIN/build/marvincar_description/build/lib/marvincar_description/__init__.py -> /home/carlos/MARVIN/install/marvincar_description/lib/python3.8/site-packages/marvincar_description
byte-compiling /home/carlos/MARVIN/install/marvincar_description/lib/python3.8/site-packages/marvincar_description/__init__.py to __init__.cpython-38.pyc
running install_data
creating /home/carlos/MARVIN/install/marvincar_description/share/ament_index
creating /home/carlos/MARVIN/install/marvincar_description/share/ament_index/resource_index
creating /home/carlos/MARVIN/install/marvincar_description/share/ament_index/resource_index/packages
copying resource/marvincar_description -> /home/carlos/MARVIN/install/marvincar_description/share/ament_index/resource_index/packages
copying package.xml -> /home/carlos/MARVIN/install/marvincar_description/share/marvincar_description
creating /home/carlos/MARVIN/install/marvincar_description/share/marvincar_description/launch
copying launch/display_marvincar.launch.py -> /home/carlos/MARVIN/install/marvincar_description/share/marvincar_description/launch
creating /home/carlos/MARVIN/install/marvincar_description/share/marvincar_description/urdf
copying urdf/marvin.urdf.xacro -> /home/carlos/MARVIN/install/marvincar_description/share/marvincar_description/urdf
creating /home/carlos/MARVIN/install/marvincar_description/share/marvincar_description/urdf/sensors
copying urdf/sensors/camera_depth.xacro -> /home/carlos/MARVIN/install/marvincar_description/share/marvincar_description/urdf/sensors
copying urdf/sensors/imu.xacro -> /home/carlos/MARVIN/install/marvincar_description/share/marvincar_description/urdf/sensors
copying urdf/sensors/camera_right.xacro -> /home/carlos/MARVIN/install/marvincar_description/share/marvincar_description/urdf/sensors
copying urdf/sensors/lidar.xacro -> /home/carlos/MARVIN/install/marvincar_description/share/marvincar_description/urdf/sensors
copying urdf/sensors/camera_left.xacro -> /home/carlos/MARVIN/install/marvincar_description/share/marvincar_description/urdf/sensors
creating /home/carlos/MARVIN/install/marvincar_description/share/marvincar_description/meshes
copying meshes/camera_right.STL -> /home/carlos/MARVIN/install/marvincar_description/share/marvincar_description/meshes
copying meshes/front_wheel_left.STL -> /home/carlos/MARVIN/install/marvincar_description/share/marvincar_description/meshes
copying meshes/camera_left.STL -> /home/carlos/MARVIN/install/marvincar_description/share/marvincar_description/meshes
copying meshes/base_link.STL -> /home/carlos/MARVIN/install/marvincar_description/share/marvincar_description/meshes
copying meshes/depth_camera.STL -> /home/carlos/MARVIN/install/marvincar_description/share/marvincar_description/meshes
copying meshes/back_wheel_right.STL -> /home/carlos/MARVIN/install/marvincar_description/share/marvincar_description/meshes
copying meshes/lidar.STL -> /home/carlos/MARVIN/install/marvincar_description/share/marvincar_description/meshes
copying meshes/front_wheel_right.STL -> /home/carlos/MARVIN/install/marvincar_description/share/marvincar_description/meshes
copying meshes/back_wheel_left.STL -> /home/carlos/MARVIN/install/marvincar_description/share/marvincar_description/meshes
copying meshes/front_handle_left.STL -> /home/carlos/MARVIN/install/marvincar_description/share/marvincar_description/meshes
copying meshes/front_handle_right.STL -> /home/carlos/MARVIN/install/marvincar_description/share/marvincar_description/meshes
creating /home/carlos/MARVIN/install/marvincar_description/share/marvincar_description/rviz
copying rviz/marvincar.rviz -> /home/carlos/MARVIN/install/marvincar_description/share/marvincar_description/rviz
running install_egg_info
Copying ../../../build/marvincar_description/marvincar_description.egg-info to /home/carlos/MARVIN/install/marvincar_description/lib/python3.8/site-packages/marvincar_description-0.0.0-py3.8.egg-info
running install_scripts
writing list of installed files to '/home/carlos/MARVIN/build/marvincar_description/install.log'
