/home/carlos/MARVIN/install/marvincar_nav/lib/python3.8/site-packages/marvincar_nav/scan_filter.py
/home/carlos/MARVIN/install/marvincar_nav/lib/python3.8/site-packages/marvincar_nav/__init__.py
/home/carlos/MARVIN/install/marvincar_nav/lib/python3.8/site-packages/marvincar_nav/__pycache__/scan_filter.cpython-38.pyc
/home/carlos/MARVIN/install/marvincar_nav/lib/python3.8/site-packages/marvincar_nav/__pycache__/__init__.cpython-38.pyc
/home/carlos/MARVIN/install/marvincar_nav/share/ament_index/resource_index/packages/marvincar_nav
/home/carlos/MARVIN/install/marvincar_nav/share/marvincar_nav/package.xml
/home/carlos/MARVIN/install/marvincar_nav/share/marvincar_nav/launch/view_map_launch.py
/home/carlos/MARVIN/install/marvincar_nav/share/marvincar_nav/launch/mapping_launch.py
/home/carlos/MARVIN/install/marvincar_nav/share/marvincar_nav/launch/full_viz_control_launch.py
/home/carlos/MARVIN/install/marvincar_nav/share/marvincar_nav/launch/navigation_dwa_launch.py
/home/carlos/MARVIN/install/marvincar_nav/share/marvincar_nav/rviz/nav.rviz
/home/carlos/MARVIN/install/marvincar_nav/share/marvincar_nav/rviz/map.rviz
/home/carlos/MARVIN/install/marvincar_nav/share/marvincar_nav/params/dwa_nav_params.yaml
/home/carlos/MARVIN/install/marvincar_nav/share/marvincar_nav/params/lds_2d.lua
/home/carlos/MARVIN/install/marvincar_nav/share/marvincar_nav/config/localization.yaml
/home/carlos/MARVIN/install/marvincar_nav/share/marvincar_nav/config/slam.yaml
/home/carlos/MARVIN/install/marvincar_nav/share/marvincar_nav/maps/marvincar.pgm
/home/carlos/MARVIN/install/marvincar_nav/share/marvincar_nav/maps/marvincar.posegraph
/home/carlos/MARVIN/install/marvincar_nav/share/marvincar_nav/maps/marvincar.yaml
/home/carlos/MARVIN/install/marvincar_nav/share/marvincar_nav/maps/marvincar.data
/home/carlos/MARVIN/install/marvincar_nav/lib/python3.8/site-packages/marvincar_nav-0.0.0-py3.8.egg-info/SOURCES.txt
/home/carlos/MARVIN/install/marvincar_nav/lib/python3.8/site-packages/marvincar_nav-0.0.0-py3.8.egg-info/requires.txt
/home/carlos/MARVIN/install/marvincar_nav/lib/python3.8/site-packages/marvincar_nav-0.0.0-py3.8.egg-info/zip-safe
/home/carlos/MARVIN/install/marvincar_nav/lib/python3.8/site-packages/marvincar_nav-0.0.0-py3.8.egg-info/entry_points.txt
/home/carlos/MARVIN/install/marvincar_nav/lib/python3.8/site-packages/marvincar_nav-0.0.0-py3.8.egg-info/top_level.txt
/home/carlos/MARVIN/install/marvincar_nav/lib/python3.8/site-packages/marvincar_nav-0.0.0-py3.8.egg-info/PKG-INFO
/home/carlos/MARVIN/install/marvincar_nav/lib/python3.8/site-packages/marvincar_nav-0.0.0-py3.8.egg-info/dependency_links.txt
/home/carlos/MARVIN/install/marvincar_nav/lib/marvincar_nav/scan_filter
