[0.039s] Invoking command in '/home/carlos/MARVIN/build/marvin': CMAKE_PREFIX_PATH=/opt/ros/foxy /usr/bin/cmake /home/carlos/MARVIN/marvin_sim/src/marvin -DCMAKE_INSTALL_PREFIX=/home/carlos/MARVIN/install/marvin
[0.246s] -- The C compiler identification is GNU 9.4.0
[0.383s] -- The CXX compiler identification is GNU 9.4.0
[0.391s] -- Check for working C compiler: /usr/bin/cc
[0.469s] -- Check for working C compiler: /usr/bin/cc -- works
[0.471s] -- Detecting C compiler ABI info
[0.552s] -- Detecting C compiler ABI info - done
[0.567s] -- Detecting C compile features
[0.569s] -- Detecting C compile features - done
[0.573s] -- Check for working CXX compiler: /usr/bin/c++
[0.686s] -- Check for working CXX compiler: /usr/bin/c++ -- works
[0.689s] -- Detecting CXX compiler ABI info
[0.788s] -- Detecting CXX compiler ABI info - done
[0.804s] -- Detecting CXX compile features
[0.804s] -- Detecting CXX compile features - done
[0.806s] -- Found ament_cmake: 0.9.12 (/opt/ros/foxy/share/ament_cmake/cmake)
[0.834s] -- Found PythonInterp: /usr/bin/python3 (found suitable version "3.8.10", minimum required is "3") 
[0.834s] -- Using PYTHON_EXECUTABLE: /usr/bin/python3
[1.095s] -- Found ament_lint_auto: 0.9.8 (/opt/ros/foxy/share/ament_lint_auto/cmake)
[1.184s] -- Added test 'lint_cmake' to check CMake code style
[1.185s] -- Added test 'xmllint' to check XML markup files
[1.188s] -- Configuring done
[1.190s] -- Generating done
[1.192s] -- Build files have been written to: /home/carlos/MARVIN/build/marvin
[1.236s] Invoked command in '/home/carlos/MARVIN/build/marvin' returned '0': CMAKE_PREFIX_PATH=/opt/ros/foxy /usr/bin/cmake /home/carlos/MARVIN/marvin_sim/src/marvin -DCMAKE_INSTALL_PREFIX=/home/carlos/MARVIN/install/marvin
[1.239s] Invoking command in '/home/carlos/MARVIN/build/marvin': CMAKE_PREFIX_PATH=/opt/ros/foxy /usr/bin/cmake --build /home/carlos/MARVIN/build/marvin -- -j8 -l8
[1.438s] Invoked command in '/home/carlos/MARVIN/build/marvin' returned '0': CMAKE_PREFIX_PATH=/opt/ros/foxy /usr/bin/cmake --build /home/carlos/MARVIN/build/marvin -- -j8 -l8
[1.441s] Invoking command in '/home/carlos/MARVIN/build/marvin': CMAKE_PREFIX_PATH=/opt/ros/foxy /usr/bin/cmake --install /home/carlos/MARVIN/build/marvin
[1.476s] -- Install configuration: ""
[1.476s] -- Installing: /home/carlos/MARVIN/install/marvin/share/ament_index/resource_index/package_run_dependencies/marvin
[1.477s] -- Installing: /home/carlos/MARVIN/install/marvin/share/ament_index/resource_index/parent_prefix_path/marvin
[1.477s] -- Installing: /home/carlos/MARVIN/install/marvin/share/marvin/environment/ament_prefix_path.sh
[1.477s] -- Installing: /home/carlos/MARVIN/install/marvin/share/marvin/environment/ament_prefix_path.dsv
[1.477s] -- Installing: /home/carlos/MARVIN/install/marvin/share/marvin/environment/path.sh
[1.477s] -- Installing: /home/carlos/MARVIN/install/marvin/share/marvin/environment/path.dsv
[1.477s] -- Installing: /home/carlos/MARVIN/install/marvin/share/marvin/local_setup.bash
[1.477s] -- Installing: /home/carlos/MARVIN/install/marvin/share/marvin/local_setup.sh
[1.477s] -- Installing: /home/carlos/MARVIN/install/marvin/share/marvin/local_setup.zsh
[1.477s] -- Installing: /home/carlos/MARVIN/install/marvin/share/marvin/local_setup.dsv
[1.477s] -- Installing: /home/carlos/MARVIN/install/marvin/share/marvin/package.dsv
[1.477s] -- Installing: /home/carlos/MARVIN/install/marvin/share/ament_index/resource_index/packages/marvin
[1.477s] -- Installing: /home/carlos/MARVIN/install/marvin/share/marvin/cmake/marvinConfig.cmake
[1.477s] -- Installing: /home/carlos/MARVIN/install/marvin/share/marvin/cmake/marvinConfig-version.cmake
[1.478s] -- Installing: /home/carlos/MARVIN/install/marvin/share/marvin/package.xml
[1.503s] Invoked command in '/home/carlos/MARVIN/build/marvin' returned '0': CMAKE_PREFIX_PATH=/opt/ros/foxy /usr/bin/cmake --install /home/carlos/MARVIN/build/marvin
