[0.032s] Invoking command in '/home/carlos/MARVIN/build/marvin_sim_gazebo': CMAKE_PREFIX_PATH=/opt/ros/foxy /usr/bin/cmake /home/carlos/MARVIN/marvin_sim/src/marvin_sim_gazebo -DCMAKE_INSTALL_PREFIX=/home/carlos/MARVIN/install/marvin_sim_gazebo
[0.226s] -- The C compiler identification is GNU 9.4.0
[0.359s] -- The CXX compiler identification is GNU 9.4.0
[0.369s] -- Check for working C compiler: /usr/bin/cc
[0.470s] -- Check for working C compiler: /usr/bin/cc -- works
[0.470s] -- Detecting C compiler ABI info
[0.547s] -- Detecting C compiler ABI info - done
[0.563s] -- Detecting C compile features
[0.564s] -- Detecting C compile features - done
[0.567s] -- Check for working CXX compiler: /usr/bin/c++
[0.672s] -- Check for working CXX compiler: /usr/bin/c++ -- works
[0.672s] -- Detecting CXX compiler ABI info
[0.772s] -- Detecting CXX compiler ABI info - done
[0.789s] -- Detecting CXX compile features
[0.790s] -- Detecting CXX compile features - done
[0.793s] -- Found ament_cmake: 0.9.12 (/opt/ros/foxy/share/ament_cmake/cmake)
[0.821s] -- Found PythonInterp: /usr/bin/python3 (found suitable version "3.8.10", minimum required is "3") 
[0.822s] -- Using PYTHON_EXECUTABLE: /usr/bin/python3
[1.071s] -- Found rclpy: 1.0.13 (/opt/ros/foxy/share/rclpy/cmake)
[1.103s] -- Found ament_lint_auto: 0.9.8 (/opt/ros/foxy/share/ament_lint_auto/cmake)
[1.187s] -- Added test 'flake8' to check Python code syntax and style conventions
[1.188s] -- Added test 'lint_cmake' to check CMake code style
[1.188s] -- Added test 'pep257' to check Python code against some of the style conventions in PEP 257
[1.188s] -- Added test 'xmllint' to check XML markup files
[1.188s] -- Configuring done
[1.188s] -- Generating done
[1.189s] -- Build files have been written to: /home/carlos/MARVIN/build/marvin_sim_gazebo
[1.220s] Invoked command in '/home/carlos/MARVIN/build/marvin_sim_gazebo' returned '0': CMAKE_PREFIX_PATH=/opt/ros/foxy /usr/bin/cmake /home/carlos/MARVIN/marvin_sim/src/marvin_sim_gazebo -DCMAKE_INSTALL_PREFIX=/home/carlos/MARVIN/install/marvin_sim_gazebo
[1.223s] Invoking command in '/home/carlos/MARVIN/build/marvin_sim_gazebo': CMAKE_PREFIX_PATH=/opt/ros/foxy /usr/bin/cmake --build /home/carlos/MARVIN/build/marvin_sim_gazebo -- -j8 -l8
[1.438s] Invoked command in '/home/carlos/MARVIN/build/marvin_sim_gazebo' returned '0': CMAKE_PREFIX_PATH=/opt/ros/foxy /usr/bin/cmake --build /home/carlos/MARVIN/build/marvin_sim_gazebo -- -j8 -l8
[1.439s] Invoking command in '/home/carlos/MARVIN/build/marvin_sim_gazebo': CMAKE_PREFIX_PATH=/opt/ros/foxy /usr/bin/cmake --install /home/carlos/MARVIN/build/marvin_sim_gazebo
[1.473s] -- Install configuration: ""
[1.473s] -- Installing: /home/carlos/MARVIN/install/marvin_sim_gazebo/share/marvin_sim_gazebo/launch
[1.474s] -- Installing: /home/carlos/MARVIN/install/marvin_sim_gazebo/share/marvin_sim_gazebo/launch/gazebo_spawn.launch.py
[1.474s] -- Installing: /home/carlos/MARVIN/install/marvin_sim_gazebo/share/marvin_sim_gazebo/worlds
[1.474s] -- Installing: /home/carlos/MARVIN/install/marvin_sim_gazebo/share/marvin_sim_gazebo/worlds/small_city.world
[1.474s] -- Installing: /home/carlos/MARVIN/install/marvin_sim_gazebo/share/marvin_sim_gazebo/worlds/world.world
[1.474s] -- Installing: /home/carlos/MARVIN/install/marvin_sim_gazebo/share/marvin_sim_gazebo/worlds/lab_track.world
[1.474s] -- Installing: /home/carlos/MARVIN/install/marvin_sim_gazebo/share/marvin_sim_gazebo/worlds/obstacles.world
[1.474s] -- Installing: /home/carlos/MARVIN/install/marvin_sim_gazebo/share/marvin_sim_gazebo/worlds/test_city.world
[1.474s] -- Installing: /home/carlos/MARVIN/install/marvin_sim_gazebo/share/marvin_sim_gazebo/worlds/track_lab.dae
[1.474s] -- Installing: /home/carlos/MARVIN/install/marvin_sim_gazebo/share/marvin_sim_gazebo/worlds/museum.world
[1.474s] -- Installing: /home/carlos/MARVIN/install/marvin_sim_gazebo/share/marvin_sim_gazebo/config
[1.474s] -- Installing: /home/carlos/MARVIN/install/marvin_sim_gazebo/share/marvin_sim_gazebo/config/gazebo_params.yaml
[1.475s] -- Installing: /home/carlos/MARVIN/install/marvin_sim_gazebo/share/marvin_sim_gazebo/rviz
[1.476s] -- Installing: /home/carlos/MARVIN/install/marvin_sim_gazebo/share/marvin_sim_gazebo/rviz/description.rviz
[1.477s] -- Installing: /home/carlos/MARVIN/install/marvin_sim_gazebo/share/marvin_sim_gazebo/environment/pythonpath.sh
[1.477s] -- Installing: /home/carlos/MARVIN/install/marvin_sim_gazebo/share/marvin_sim_gazebo/environment/pythonpath.dsv
[1.477s] -- Installing: /home/carlos/MARVIN/install/marvin_sim_gazebo/lib/python3.8/site-packages/marvin_sim_gazebo
[1.478s] -- Installing: /home/carlos/MARVIN/install/marvin_sim_gazebo/lib/python3.8/site-packages/marvin_sim_gazebo/__init__.py
[1.487s] Listing '/home/carlos/MARVIN/install/marvin_sim_gazebo/lib/python3.8/site-packages/marvin_sim_gazebo'...
[1.487s] Compiling '/home/carlos/MARVIN/install/marvin_sim_gazebo/lib/python3.8/site-packages/marvin_sim_gazebo/__init__.py'...
[1.491s] -- Installing: /home/carlos/MARVIN/install/marvin_sim_gazebo/share/ament_index/resource_index/package_run_dependencies/marvin_sim_gazebo
[1.491s] -- Installing: /home/carlos/MARVIN/install/marvin_sim_gazebo/share/ament_index/resource_index/parent_prefix_path/marvin_sim_gazebo
[1.491s] -- Installing: /home/carlos/MARVIN/install/marvin_sim_gazebo/share/marvin_sim_gazebo/environment/ament_prefix_path.sh
[1.491s] -- Installing: /home/carlos/MARVIN/install/marvin_sim_gazebo/share/marvin_sim_gazebo/environment/ament_prefix_path.dsv
[1.492s] -- Installing: /home/carlos/MARVIN/install/marvin_sim_gazebo/share/marvin_sim_gazebo/environment/path.sh
[1.492s] -- Installing: /home/carlos/MARVIN/install/marvin_sim_gazebo/share/marvin_sim_gazebo/environment/path.dsv
[1.492s] -- Installing: /home/carlos/MARVIN/install/marvin_sim_gazebo/share/marvin_sim_gazebo/local_setup.bash
[1.492s] -- Installing: /home/carlos/MARVIN/install/marvin_sim_gazebo/share/marvin_sim_gazebo/local_setup.sh
[1.492s] -- Installing: /home/carlos/MARVIN/install/marvin_sim_gazebo/share/marvin_sim_gazebo/local_setup.zsh
[1.492s] -- Installing: /home/carlos/MARVIN/install/marvin_sim_gazebo/share/marvin_sim_gazebo/local_setup.dsv
[1.492s] -- Installing: /home/carlos/MARVIN/install/marvin_sim_gazebo/share/marvin_sim_gazebo/package.dsv
[1.492s] -- Installing: /home/carlos/MARVIN/install/marvin_sim_gazebo/share/ament_index/resource_index/packages/marvin_sim_gazebo
[1.492s] -- Installing: /home/carlos/MARVIN/install/marvin_sim_gazebo/share/marvin_sim_gazebo/cmake/marvin_sim_gazeboConfig.cmake
[1.492s] -- Installing: /home/carlos/MARVIN/install/marvin_sim_gazebo/share/marvin_sim_gazebo/cmake/marvin_sim_gazeboConfig-version.cmake
[1.493s] -- Installing: /home/carlos/MARVIN/install/marvin_sim_gazebo/share/marvin_sim_gazebo/package.xml
[1.519s] Invoked command in '/home/carlos/MARVIN/build/marvin_sim_gazebo' returned '0': CMAKE_PREFIX_PATH=/opt/ros/foxy /usr/bin/cmake --install /home/carlos/MARVIN/build/marvin_sim_gazebo
