[0.034s] Invoking command in '/home/carlos/MARVIN/build/marvin_navigation': CMAKE_PREFIX_PATH=/opt/ros/foxy /usr/bin/cmake /home/carlos/MARVIN/marvin_sim/src/marvin_navigation -DCMAKE_INSTALL_PREFIX=/home/carlos/MARVIN/install/marvin_navigation
[0.234s] -- The C compiler identification is GNU 9.4.0
[0.362s] -- The CXX compiler identification is GNU 9.4.0
[0.378s] -- Check for working C compiler: /usr/bin/cc
[0.463s] -- Check for working C compiler: /usr/bin/cc -- works
[0.464s] -- Detecting C compiler ABI info
[0.547s] -- Detecting C compiler ABI info - done
[0.562s] -- Detecting C compile features
[0.562s] -- Detecting C compile features - done
[0.565s] -- Check for working CXX compiler: /usr/bin/c++
[0.673s] -- Check for working CXX compiler: /usr/bin/c++ -- works
[0.674s] -- Detecting CXX compiler ABI info
[0.775s] -- Detecting CXX compiler ABI info - done
[0.796s] -- Detecting CXX compile features
[0.797s] -- Detecting CXX compile features - done
[0.800s] -- Found ament_cmake: 0.9.12 (/opt/ros/foxy/share/ament_cmake/cmake)
[0.829s] -- Found PythonInterp: /usr/bin/python3 (found suitable version "3.8.10", minimum required is "3") 
[0.829s] -- Using PYTHON_EXECUTABLE: /usr/bin/python3
[1.081s] -- Found ament_lint_auto: 0.9.8 (/opt/ros/foxy/share/ament_lint_auto/cmake)
[1.168s] -- Added test 'copyright' to check source files copyright and LICENSE
[1.169s] -- Added test 'flake8' to check Python code syntax and style conventions
[1.170s] -- Added test 'lint_cmake' to check CMake code style
[1.170s] -- Added test 'pep257' to check Python code against some of the style conventions in PEP 257
[1.172s] -- Added test 'xmllint' to check XML markup files
[1.175s] -- Configuring done
[1.176s] -- Generating done
[1.177s] -- Build files have been written to: /home/carlos/MARVIN/build/marvin_navigation
[1.197s] Invoked command in '/home/carlos/MARVIN/build/marvin_navigation' returned '0': CMAKE_PREFIX_PATH=/opt/ros/foxy /usr/bin/cmake /home/carlos/MARVIN/marvin_sim/src/marvin_navigation -DCMAKE_INSTALL_PREFIX=/home/carlos/MARVIN/install/marvin_navigation
[1.197s] Invoking command in '/home/carlos/MARVIN/build/marvin_navigation': CMAKE_PREFIX_PATH=/opt/ros/foxy /usr/bin/cmake --build /home/carlos/MARVIN/build/marvin_navigation -- -j8 -l8
[1.256s] Invoked command in '/home/carlos/MARVIN/build/marvin_navigation' returned '0': CMAKE_PREFIX_PATH=/opt/ros/foxy /usr/bin/cmake --build /home/carlos/MARVIN/build/marvin_navigation -- -j8 -l8
[1.258s] Invoking command in '/home/carlos/MARVIN/build/marvin_navigation': CMAKE_PREFIX_PATH=/opt/ros/foxy /usr/bin/cmake --install /home/carlos/MARVIN/build/marvin_navigation
[1.423s] -- Install configuration: ""
[1.423s] -- Installing: /home/carlos/MARVIN/install/marvin_navigation/share/marvin_navigation/launch
[1.423s] -- Installing: /home/carlos/MARVIN/install/marvin_navigation/share/marvin_navigation/launch/slam.launch.py
[1.423s] -- Installing: /home/carlos/MARVIN/install/marvin_navigation/share/marvin_navigation/launch/navigation.launch.py
[1.423s] -- Installing: /home/carlos/MARVIN/install/marvin_navigation/share/marvin_navigation/launch/localization.launch.py
[1.423s] -- Installing: /home/carlos/MARVIN/install/marvin_navigation/share/marvin_navigation/config
[1.423s] -- Installing: /home/carlos/MARVIN/install/marvin_navigation/share/marvin_navigation/config/localization.yaml
[1.423s] -- Installing: /home/carlos/MARVIN/install/marvin_navigation/share/marvin_navigation/config/slam.yaml
[1.423s] -- Installing: /home/carlos/MARVIN/install/marvin_navigation/share/marvin_navigation/maps
[1.423s] -- Installing: /home/carlos/MARVIN/install/marvin_navigation/share/marvin_navigation/maps/marvin_world.data
[1.423s] -- Installing: /home/carlos/MARVIN/install/marvin_navigation/share/marvin_navigation/maps/marvin_world.yaml
[1.423s] -- Installing: /home/carlos/MARVIN/install/marvin_navigation/share/marvin_navigation/maps/marvin_world.posegraph
[1.423s] -- Installing: /home/carlos/MARVIN/install/marvin_navigation/share/marvin_navigation/maps/marvin_world.pgm
[1.424s] -- Installing: /home/carlos/MARVIN/install/marvin_navigation/share/ament_index/resource_index/package_run_dependencies/marvin_navigation
[1.424s] -- Installing: /home/carlos/MARVIN/install/marvin_navigation/share/ament_index/resource_index/parent_prefix_path/marvin_navigation
[1.424s] -- Installing: /home/carlos/MARVIN/install/marvin_navigation/share/marvin_navigation/environment/ament_prefix_path.sh
[1.424s] -- Installing: /home/carlos/MARVIN/install/marvin_navigation/share/marvin_navigation/environment/ament_prefix_path.dsv
[1.424s] -- Installing: /home/carlos/MARVIN/install/marvin_navigation/share/marvin_navigation/environment/path.sh
[1.424s] -- Installing: /home/carlos/MARVIN/install/marvin_navigation/share/marvin_navigation/environment/path.dsv
[1.424s] -- Installing: /home/carlos/MARVIN/install/marvin_navigation/share/marvin_navigation/local_setup.bash
[1.424s] -- Installing: /home/carlos/MARVIN/install/marvin_navigation/share/marvin_navigation/local_setup.sh
[1.424s] -- Installing: /home/carlos/MARVIN/install/marvin_navigation/share/marvin_navigation/local_setup.zsh
[1.424s] -- Installing: /home/carlos/MARVIN/install/marvin_navigation/share/marvin_navigation/local_setup.dsv
[1.424s] -- Installing: /home/carlos/MARVIN/install/marvin_navigation/share/marvin_navigation/package.dsv
[1.424s] -- Installing: /home/carlos/MARVIN/install/marvin_navigation/share/ament_index/resource_index/packages/marvin_navigation
[1.424s] -- Installing: /home/carlos/MARVIN/install/marvin_navigation/share/marvin_navigation/cmake/marvin_navigationConfig.cmake
[1.425s] -- Installing: /home/carlos/MARVIN/install/marvin_navigation/share/marvin_navigation/cmake/marvin_navigationConfig-version.cmake
[1.425s] -- Installing: /home/carlos/MARVIN/install/marvin_navigation/share/marvin_navigation/package.xml
[1.448s] Invoked command in '/home/carlos/MARVIN/build/marvin_navigation' returned '0': CMAKE_PREFIX_PATH=/opt/ros/foxy /usr/bin/cmake --install /home/carlos/MARVIN/build/marvin_navigation
